  CSharpCall.cpp
C:\opencv\build\include\opencv2\calib3d.hpp(1,1): warning C4819: 檔案含有無法在目前字碼頁 (950) 中表示的字元。請以 Unicode 格式儲存檔案以防止資料遺失
  Source.cpp
C:\opencv\build\include\opencv2\calib3d.hpp(1,1): warning C4819: 檔案含有無法在目前字碼頁 (950) 中表示的字元。請以 Unicode 格式儲存檔案以防止資料遺失
  正在產生程式碼...
C:\opencv\build\include\opencv2\core\cuda.inl.hpp(105): warning C4793: 'cv::cuda::GpuMat::GpuMat': 函式會編譯成機器碼:
  	找到受控碼中不支援的內建
C:\opencv\build\include\opencv2\core\cuda.inl.hpp(401): warning C4793: 'cv::cuda::HostMem::HostMem': 函式會編譯成機器碼:
  	找到受控碼中不支援的內建
C:\opencv\build\include\opencv2\core\mat.inl.hpp(542): warning C4793: 'cv::Mat::Mat': 函式會編譯成機器碼:
  	找到受控碼中不支援的內建
C:\opencv\build\include\opencv2\core\fast_math.hpp(315): warning C4793: '`anonymous namespace'::cvRound': 函式會編譯成機器碼:
  	找到受控碼中不支援的內建
C:\opencv\build\include\opencv2\core\fast_math.hpp(316): warning C4793: '`anonymous namespace'::cvRound': 函式會編譯成機器碼:
  	找到受控碼中不支援的內建
C:\opencv\build\include\opencv2\core\fast_math.hpp(204): warning C4793: '`anonymous namespace'::cvRound': 函式會編譯成機器碼:
  	找到受控碼中不支援的內建
C:\opencv\build\include\opencv2\core\fast_math.hpp(205): warning C4793: '`anonymous namespace'::cvRound': 函式會編譯成機器碼:
  	找到受控碼中不支援的內建
C:\opencv\build\include\opencv2\core\mat.inl.hpp(862): warning C4793: 'cv::Mat::release': 函式會編譯成機器碼:
  	找到受控碼中不支援的內建
C:\opencv\build\include\opencv2\core\mat.inl.hpp(2201): warning C4793: 'cv::SparseMat::addref': 函式會編譯成機器碼:
  	找到受控碼中不支援的內建
C:\opencv\build\include\opencv2\core\mat.inl.hpp(3804): warning C4793: 'cv::UMat::addref': 函式會編譯成機器碼:
  	找到受控碼中不支援的內建
C:\opencv\build\include\opencv2\core\cuda.inl.hpp(105): warning C4793: 'cv::cuda::GpuMat::GpuMat': 函式會編譯成機器碼:
  	找到受控碼中不支援的內建
C:\opencv\build\include\opencv2\core\cuda.inl.hpp(401): warning C4793: 'cv::cuda::HostMem::HostMem': 函式會編譯成機器碼:
  	找到受控碼中不支援的內建
C:\opencv\build\include\opencv2\core\mat.inl.hpp(542): warning C4793: 'cv::Mat::Mat': 函式會編譯成機器碼:
  	找到受控碼中不支援的內建
C:\opencv\build\include\opencv2\core\mat.inl.hpp(862): warning C4793: 'cv::Mat::release': 函式會編譯成機器碼:
  	找到受控碼中不支援的內建
C:\opencv\build\include\opencv2\core\mat.inl.hpp(2201): warning C4793: 'cv::SparseMat::addref': 函式會編譯成機器碼:
  	找到受控碼中不支援的內建
C:\opencv\build\include\opencv2\core\mat.inl.hpp(3804): warning C4793: 'cv::UMat::addref': 函式會編譯成機器碼:
  	找到受控碼中不支援的內建
  dllmain.obj : 受控碼存在時不支援 /DEBUG:FASTLINK; 正在以 /DEBUG:FULL 重新啟動連結
  dllmain.obj : 發現 MSIL 模組。MSIL 的累加連結已停用。正在執行完整連結
     正在建立程式庫 C:\Users\henry\Source\Repos\tnsogs02\YooooooEditor\TestCsharp\x64\Debug\Dll1.lib 和物件 C:\Users\henry\Source\Repos\tnsogs02\YooooooEditor\TestCsharp\x64\Debug\Dll1.exp
  Dll1.vcxproj -> C:\Users\henry\Source\Repos\tnsogs02\YooooooEditor\TestCsharp\x64\Debug\Dll1.dll
