c:\users\henry\source\repos\tnsogs02\yooooooeditor\dll1\x64\debug\dll1.pch
c:\users\henry\source\repos\tnsogs02\yooooooeditor\dll1\x64\debug\vc142.pdb
c:\users\henry\source\repos\tnsogs02\yooooooeditor\dll1\x64\debug\pch.obj
c:\users\henry\source\repos\tnsogs02\yooooooeditor\dll1\x64\debug\csharpcall.obj
c:\users\henry\source\repos\tnsogs02\yooooooeditor\dll1\x64\debug\source.obj
c:\users\henry\source\repos\tnsogs02\yooooooeditor\dll1\x64\debug\dllmain.obj
c:\users\henry\source\repos\tnsogs02\yooooooeditor\dll1\x64\debug\.netframework,version=v4.0.assemblyattributes.obj
c:\users\henry\source\repos\tnsogs02\yooooooeditor\dll1\x64\debug\source1.obj
c:\users\henry\source\repos\tnsogs02\yooooooeditor\testcsharp\x64\debug\dll1.lib
c:\users\henry\source\repos\tnsogs02\yooooooeditor\testcsharp\x64\debug\dll1.exp
c:\users\henry\source\repos\tnsogs02\yooooooeditor\testcsharp\x64\debug\dll1.dll
c:\users\henry\source\repos\tnsogs02\yooooooeditor\testcsharp\x64\debug\dll1.pdb
c:\users\henry\source\repos\tnsogs02\yooooooeditor\dll1\x64\debug\dll1.tlog\cl.command.1.tlog
c:\users\henry\source\repos\tnsogs02\yooooooeditor\dll1\x64\debug\dll1.tlog\cl.read.1.tlog
c:\users\henry\source\repos\tnsogs02\yooooooeditor\dll1\x64\debug\dll1.tlog\cl.write.1.tlog
c:\users\henry\source\repos\tnsogs02\yooooooeditor\dll1\x64\debug\dll1.tlog\dll1.write.1u.tlog
c:\users\henry\source\repos\tnsogs02\yooooooeditor\dll1\x64\debug\dll1.tlog\link.command.1.tlog
c:\users\henry\source\repos\tnsogs02\yooooooeditor\dll1\x64\debug\dll1.tlog\link.read.1.tlog
c:\users\henry\source\repos\tnsogs02\yooooooeditor\dll1\x64\debug\dll1.tlog\link.write.1.tlog
c:\users\henry\source\repos\tnsogs02\yooooooeditor\dll1\x64\debug\dll1.tlog\metagen.read.1.tlog
c:\users\henry\source\repos\tnsogs02\yooooooeditor\dll1\x64\debug\dll1.tlog\metagen.write.1.tlog
